d:\emmie\documents\game development\2\kern_graphics programming\kern_graphicsprogramming\graphpro\graphpro\debug\vc142.pdb
d:\emmie\documents\game development\2\kern_graphics programming\kern_graphicsprogramming\graphpro\graphpro\debug\vc142.idb
d:\emmie\documents\game development\2\kern_graphics programming\kern_graphicsprogramming\graphpro\graphpro\debug\glad.obj
d:\emmie\documents\game development\2\kern_graphics programming\kern_graphicsprogramming\graphpro\graphpro\debug\main.obj
d:\emmie\documents\game development\2\kern_graphics programming\kern_graphicsprogramming\graphpro\debug\graphpro.pdb
d:\emmie\documents\game development\2\kern_graphics programming\kern_graphicsprogramming\graphpro\graphpro\debug\graphpro.tlog\cl.command.1.tlog
d:\emmie\documents\game development\2\kern_graphics programming\kern_graphicsprogramming\graphpro\graphpro\debug\graphpro.tlog\cl.read.1.tlog
d:\emmie\documents\game development\2\kern_graphics programming\kern_graphicsprogramming\graphpro\graphpro\debug\graphpro.tlog\cl.write.1.tlog
d:\emmie\documents\game development\2\kern_graphics programming\kern_graphicsprogramming\graphpro\graphpro\debug\graphpro.tlog\link-cvtres.read.1.tlog
d:\emmie\documents\game development\2\kern_graphics programming\kern_graphicsprogramming\graphpro\graphpro\debug\graphpro.tlog\link-cvtres.write.1.tlog
d:\emmie\documents\game development\2\kern_graphics programming\kern_graphicsprogramming\graphpro\graphpro\debug\graphpro.tlog\link-rc.read.1.tlog
d:\emmie\documents\game development\2\kern_graphics programming\kern_graphicsprogramming\graphpro\graphpro\debug\graphpro.tlog\link-rc.write.1.tlog
d:\emmie\documents\game development\2\kern_graphics programming\kern_graphicsprogramming\graphpro\graphpro\debug\graphpro.tlog\link.4876-cvtres.read.1.tlog
d:\emmie\documents\game development\2\kern_graphics programming\kern_graphicsprogramming\graphpro\graphpro\debug\graphpro.tlog\link.4876-cvtres.write.1.tlog
d:\emmie\documents\game development\2\kern_graphics programming\kern_graphicsprogramming\graphpro\graphpro\debug\graphpro.tlog\link.4876-rc.read.1.tlog
d:\emmie\documents\game development\2\kern_graphics programming\kern_graphicsprogramming\graphpro\graphpro\debug\graphpro.tlog\link.4876-rc.write.1.tlog
d:\emmie\documents\game development\2\kern_graphics programming\kern_graphicsprogramming\graphpro\graphpro\debug\graphpro.tlog\link.4876.read.1.tlog
d:\emmie\documents\game development\2\kern_graphics programming\kern_graphicsprogramming\graphpro\graphpro\debug\graphpro.tlog\link.4876.write.1.tlog
d:\emmie\documents\game development\2\kern_graphics programming\kern_graphicsprogramming\graphpro\graphpro\debug\graphpro.tlog\link.command.1.tlog
d:\emmie\documents\game development\2\kern_graphics programming\kern_graphicsprogramming\graphpro\graphpro\debug\graphpro.tlog\link.read.1.tlog
d:\emmie\documents\game development\2\kern_graphics programming\kern_graphicsprogramming\graphpro\graphpro\debug\graphpro.tlog\link.write.1.tlog
